<?xml version="1.0" encoding="UTF-8"?>
<testsuite xmlns:xsi="http://www.w3.org/2001/XMLSchema-instance" xsi:noNamespaceSchemaLocation="https://maven.apache.org/surefire/maven-surefire-plugin/xsd/surefire-test-report-3.0.xsd" version="3.0" name="pl.playwithme.smo.SmoApplicationTests" time="15.056" tests="1" errors="0" skipped="0" failures="0">
  <properties>
[...]
</properties>
  <testcase name="contextLoads" classname="pl.playwithme.smo.SmoApplicationTests" time="3.803">
    <system-out><![CDATA[21:33:59.402 [main] INFO org.springframework.test.context.support.AnnotationConfigContextLoaderUtils -- Could not detect default configuration classes for test class [pl.playwithme.smo.SmoApplicationTests]: SmoApplicationTests does not declare any static, non-private, non-final, nested classes annotated with @Configuration.
21:33:59.737 [main] INFO org.springframework.boot.test.context.SpringBootTestContextBootstrapper -- Found @SpringBootConfiguration pl.playwithme.smo.SmoApplication for test class pl.playwithme.smo.SmoApplicationTests

  .   ____          _            __ _ _
 /\\ / ___'_ __ _ _(_)_ __  __ _ \ \ \ \
( ( )\___ | '_ | '_| | '_ \/ _` | \ \ \ \
 \\/  ___)| |_)| | | | | || (_| |  ) ) ) )
  '  |____| .__|_| |_|_| |_\__, | / / / /
 =========|_|==============|___/=/_/_/_/
 :: Spring Boot ::                (v3.2.0)

2023-12-15T21:34:01.341+01:00  INFO 12580 --- [           main] pl.playwithme.smo.SmoApplicationTests    : Starting SmoApplicationTests using Java 17.0.9 with PID 12580 (started by mbalt in C:\Users\mbalt\Desktop\Repo\PlayWithMe\smo)
2023-12-15T21:34:01.350+01:00  INFO 12580 --- [           main] pl.playwithme.smo.SmoApplicationTests    : No active profile set, falling back to 1 default profile: "default"
2023-12-15T21:34:10.005+01:00  INFO 12580 --- [           main] pl.playwithme.smo.SmoApplicationTests    : Started SmoApplicationTests in 9.824 seconds (process running for 14.538)
]]></system-out>
  </testcase>
</testsuite>